<?xml version="1.0" encoding="UTF-8"?>
<!-- Generated by org.testng.reporters.JUnitReportReporter -->
<testsuite hostname="MBRLT00757" failures="0" tests="1" name="testcases.LoginTest" time="30.064" errors="0" timestamp="2022-11-22T15:33:51 IST" skipped="0">
  <testcase classname="testcases.LoginTest" name="TC001" time="30.064"/>
  <system-out/>
</testsuite> <!-- testcases.LoginTest -->
